[INFO  2026-02-24T19:04:21.552Z] Extension activating...
[INFO  2026-02-24T19:04:22.598Z] Bridge: startBridgeInternal starting...
[INFO  2026-02-24T19:04:22.602Z] Extension activated
[INFO  2026-02-24T19:04:25.035Z] BotLock: lock held by PID 25988 (alive) — skipping bot startup
[INFO  2026-02-24T19:04:25.035Z] Bridge: Bot startup skipped (another workspace owns the bot) — running in standby mode
[INFO  2026-02-24T19:04:30.764Z] BotLock: lock held by PID 25988 (alive) — skipping bot startup
[INFO  2026-02-24T19:04:35.773Z] BotLock: lock held by PID 25988 (alive) — skipping bot startup
[INFO  2026-02-24T19:04:42.073Z] BotLock: lock held by PID 25988 (alive) — skipping bot startup
[INFO  2026-02-24T19:04:47.225Z] BotLock: lock held by PID 25988 (alive) — skipping bot startup
[INFO  2026-02-24T19:04:52.229Z] BotLock: lock held by PID 25988 (alive) — skipping bot startup
[INFO  2026-02-24T19:04:57.232Z] BotLock: lock held by PID 25988 (alive) — skipping bot startup
[INFO  2026-02-24T19:05:02.237Z] BotLock: lock held by PID 25988 (alive) — skipping bot startup
[INFO  2026-02-24T19:05:07.238Z] BotLock: lock held by PID 25988 (alive) — skipping bot startup
[INFO  2026-02-24T19:05:12.245Z] BotLock: lock held by PID 25988 (alive) — skipping bot startup
[INFO  2026-02-24T19:05:17.261Z] BotLock: lock held by PID 25988 (alive) — skipping bot startup
[INFO  2026-02-24T19:05:22.268Z] BotLock: lock held by PID 25988 (alive) — skipping bot startup
[INFO  2026-02-24T19:05:27.282Z] BotLock: lock held by PID 25988 (alive) — skipping bot startup
[INFO  2026-02-24T19:05:32.294Z] BotLock: lock held by PID 25988 (alive) — skipping bot startup
[INFO  2026-02-24T19:05:37.304Z] BotLock: lock held by PID 25988 (alive) — skipping bot startup
[INFO  2026-02-24T19:05:42.313Z] BotLock: lock held by PID 25988 (alive) — skipping bot startup
[INFO  2026-02-24T19:05:47.315Z] BotLock: lock held by PID 25988 (alive) — skipping bot startup
[INFO  2026-02-24T19:05:52.325Z] BotLock: lock held by PID 25988 (alive) — skipping bot startup
[INFO  2026-02-24T19:05:57.326Z] BotLock: lock held by PID 25988 (alive) — skipping bot startup
[INFO  2026-02-24T19:06:02.333Z] BotLock: lock held by PID 25988 (alive) — skipping bot startup
[INFO  2026-02-24T19:06:07.336Z] BotLock: lock held by PID 25988 (alive) — skipping bot startup
[INFO  2026-02-24T19:06:12.339Z] BotLock: lock held by PID 25988 (alive) — skipping bot startup
[INFO  2026-02-24T19:06:17.352Z] BotLock: lock held by PID 25988 (alive) — skipping bot startup
[INFO  2026-02-24T19:06:22.362Z] BotLock: lock held by PID 25988 (alive) — skipping bot startup
[INFO  2026-02-24T19:06:27.370Z] BotLock: lock held by PID 25988 (alive) — skipping bot startup
[INFO  2026-02-24T19:06:32.379Z] BotLock: lock held by PID 25988 (alive) — skipping bot startup
[INFO  2026-02-24T19:06:37.384Z] BotLock: lock held by PID 25988 (alive) — skipping bot startup
[INFO  2026-02-24T19:06:42.396Z] BotLock: lock held by PID 25988 (alive) — skipping bot startup
[INFO  2026-02-24T19:06:47.398Z] BotLock: lock held by PID 25988 (alive) — skipping bot startup
[INFO  2026-02-24T19:06:52.405Z] BotLock: lock held by PID 25988 (alive) — skipping bot startup
[INFO  2026-02-24T19:06:57.409Z] BotLock: lock held by PID 25988 (alive) — skipping bot startup
[INFO  2026-02-24T19:07:02.421Z] BotLock: lock held by PID 25988 (alive) — skipping bot startup
[INFO  2026-02-24T19:07:07.429Z] BotLock: lock held by PID 25988 (alive) — skipping bot startup
[INFO  2026-02-24T19:07:12.435Z] BotLock: lock held by PID 25988 (alive) — skipping bot startup
[INFO  2026-02-24T19:07:17.443Z] BotLock: lock held by PID 25988 (alive) — skipping bot startup
[INFO  2026-02-24T19:07:22.452Z] BotLock: lock held by PID 25988 (alive) — skipping bot startup
[INFO  2026-02-24T19:07:27.453Z] BotLock: lock held by PID 25988 (alive) — skipping bot startup
[INFO  2026-02-24T19:07:32.454Z] BotLock: lock held by PID 25988 (alive) — skipping bot startup
[INFO  2026-02-24T19:07:37.455Z] BotLock: lock held by PID 25988 (alive) — skipping bot startup
[INFO  2026-02-24T19:07:42.458Z] BotLock: lock held by PID 25988 (alive) — skipping bot startup
[INFO  2026-02-24T19:07:47.458Z] BotLock: lock held by PID 25988 (alive) — skipping bot startup
[INFO  2026-02-24T19:07:52.464Z] BotLock: lock held by PID 25988 (alive) — skipping bot startup
[INFO  2026-02-24T19:07:57.475Z] BotLock: lock held by PID 25988 (alive) — skipping bot startup
[INFO  2026-02-24T19:08:02.482Z] BotLock: lock held by PID 25988 (alive) — skipping bot startup
[INFO  2026-02-24T19:08:07.484Z] BotLock: lock held by PID 25988 (alive) — skipping bot startup
[INFO  2026-02-24T19:08:12.488Z] BotLock: lock held by PID 25988 (alive) — skipping bot startup
[INFO  2026-02-24T19:08:17.500Z] BotLock: lock held by PID 25988 (alive) — skipping bot startup
[INFO  2026-02-24T19:08:22.500Z] BotLock: lock held by PID 25988 (alive) — skipping bot startup
[INFO  2026-02-24T19:08:27.505Z] BotLock: lock held by PID 25988 (alive) — skipping bot startup
[INFO  2026-02-24T19:08:32.510Z] BotLock: lock held by PID 25988 (alive) — skipping bot startup
[INFO  2026-02-24T19:08:37.521Z] BotLock: lock held by PID 25988 (alive) — skipping bot startup
[INFO  2026-02-24T19:08:42.533Z] BotLock: lock held by PID 25988 (alive) — skipping bot startup
[INFO  2026-02-24T19:08:47.541Z] BotLock: lock held by PID 25988 (alive) — skipping bot startup
[INFO  2026-02-24T19:08:52.542Z] BotLock: lock held by PID 25988 (alive) — skipping bot startup
[INFO  2026-02-24T19:08:57.546Z] BotLock: lock held by PID 25988 (alive) — skipping bot startup
[INFO  2026-02-24T19:09:02.555Z] BotLock: lock held by PID 25988 (alive) — skipping bot startup
[INFO  2026-02-24T19:09:07.557Z] BotLock: lock held by PID 25988 (alive) — skipping bot startup
[INFO  2026-02-24T19:09:12.567Z] BotLock: lock held by PID 25988 (alive) — skipping bot startup
[INFO  2026-02-24T19:09:17.573Z] BotLock: lock held by PID 25988 (alive) — skipping bot startup
[INFO  2026-02-24T19:09:22.578Z] BotLock: lock held by PID 25988 (alive) — skipping bot startup
[INFO  2026-02-24T19:09:27.578Z] BotLock: lock held by PID 25988 (alive) — skipping bot startup
[INFO  2026-02-24T19:09:32.579Z] BotLock: lock held by PID 25988 (alive) — skipping bot startup
[INFO  2026-02-24T19:09:37.582Z] BotLock: lock held by PID 25988 (alive) — skipping bot startup
[INFO  2026-02-24T19:09:42.583Z] BotLock: lock held by PID 25988 (alive) — skipping bot startup
[INFO  2026-02-24T19:09:47.597Z] BotLock: lock held by PID 25988 (alive) — skipping bot startup
[INFO  2026-02-24T19:09:52.598Z] BotLock: lock held by PID 25988 (alive) — skipping bot startup
[INFO  2026-02-24T19:09:57.604Z] BotLock: lock held by PID 25988 (alive) — skipping bot startup
[INFO  2026-02-24T19:10:02.620Z] BotLock: lock held by PID 25988 (alive) — skipping bot startup
[INFO  2026-02-24T19:10:07.621Z] BotLock: lock held by PID 25988 (alive) — skipping bot startup
[INFO  2026-02-24T19:10:12.624Z] BotLock: lock held by PID 25988 (alive) — skipping bot startup
[INFO  2026-02-24T19:10:17.634Z] BotLock: lock held by PID 25988 (alive) — skipping bot startup
[INFO  2026-02-24T19:10:22.644Z] BotLock: lock held by PID 25988 (alive) — skipping bot startup
[INFO  2026-02-24T19:10:27.650Z] BotLock: lock held by PID 25988 (alive) — skipping bot startup
[INFO  2026-02-24T19:10:32.654Z] BotLock: lock held by PID 25988 (alive) — skipping bot startup
[INFO  2026-02-24T19:10:37.664Z] BotLock: lock held by PID 25988 (alive) — skipping bot startup
[INFO  2026-02-24T19:10:42.671Z] BotLock: lock held by PID 25988 (alive) — skipping bot startup
[INFO  2026-02-24T19:10:47.678Z] BotLock: lock held by PID 25988 (alive) — skipping bot startup
[INFO  2026-02-24T19:10:52.691Z] BotLock: lock held by PID 25988 (alive) — skipping bot startup
[INFO  2026-02-24T19:10:57.693Z] BotLock: lock held by PID 25988 (alive) — skipping bot startup
[INFO  2026-02-24T19:11:02.710Z] BotLock: lock held by PID 25988 (alive) — skipping bot startup
[INFO  2026-02-24T19:11:07.714Z] BotLock: lock held by PID 25988 (alive) — skipping bot startup
[INFO  2026-02-24T19:11:12.719Z] BotLock: lock held by PID 25988 (alive) — skipping bot startup
[INFO  2026-02-24T19:11:17.721Z] BotLock: lock held by PID 25988 (alive) — skipping bot startup
[INFO  2026-02-24T19:11:22.723Z] BotLock: lock held by PID 25988 (alive) — skipping bot startup
[INFO  2026-02-24T19:11:27.729Z] BotLock: lock held by PID 25988 (alive) — skipping bot startup
[INFO  2026-02-24T19:11:32.737Z] BotLock: lock held by PID 25988 (alive) — skipping bot startup
[INFO  2026-02-24T19:11:37.744Z] BotLock: lock held by PID 25988 (alive) — skipping bot startup
[INFO  2026-02-24T19:11:42.750Z] BotLock: lock held by PID 25988 (alive) — skipping bot startup
[INFO  2026-02-24T19:11:47.764Z] BotLock: lock held by PID 25988 (alive) — skipping bot startup
